{
  "stats": {
    "suites": 1,
    "tests": 1,
    "passes": 0,
    "pending": 0,
    "failures": 1,
    "start": "2023-08-09T19:36:53.628Z",
    "end": "2023-08-09T19:37:56.325Z",
    "duration": 62697,
    "testsRegistered": 1,
    "passPercent": 0,
    "pendingPercent": 0,
    "other": 0,
    "hasOther": false,
    "skipped": 0,
    "hasSkipped": false
  },
  "results": [
    {
      "uuid": "ab8746ba-0c73-43fa-bd71-a3c8b4d597c9",
      "title": "",
      "fullFile": "cypress\\e2e\\login-incorreto.cy.js",
      "file": "cypress\\e2e\\login-incorreto.cy.js",
      "beforeHooks": [],
      "afterHooks": [],
      "tests": [],
      "suites": [
        {
          "uuid": "6f34dc06-a451-4c02-b7b6-5f45468ac5ac",
          "title": "Página de login",
          "fullFile": "",
          "file": "",
          "beforeHooks": [],
          "afterHooks": [],
          "tests": [
            {
              "title": "Verificar mensagem de campos obrigatórios",
              "fullTitle": "Página de login Verificar mensagem de campos obrigatórios",
              "timedOut": null,
              "duration": 60340,
              "state": "failed",
              "speed": null,
              "pass": false,
              "fail": true,
              "pending": false,
              "context": null,
              "code": "cy.visit('https://3076-cypress-alurapic-front.vercel.app/#/home');\ncy.contains('User name is required!').should('be.visible');\ncy.contains('Password is required!').should('be.visible');",
              "err": {
                "message": "CypressError: Timed out after waiting `60000ms` for your remote page to load.\n\nYour page did not fire its `load` event within `60000ms`.\n\nYou can try increasing the `pageLoadTimeout` value in `cypress.config.js` to wait longer.\n\nBrowsers will not fire the `load` event until all stylesheets and scripts are done downloading.\n\nWhen this `load` event occurs, Cypress will continue running commands.",
                "estack": "CypressError: Timed out after waiting `60000ms` for your remote page to load.\n\nYour page did not fire its `load` event within `60000ms`.\n\nYou can try increasing the `pageLoadTimeout` value in `cypress.config.js` to wait longer.\n\nBrowsers will not fire the `load` event until all stylesheets and scripts are done downloading.\n\nWhen this `load` event occurs, Cypress will continue running commands.\n    at timedOutWaitingForPageLoad (https://3076-cypress-alurapic-front.vercel.app/__cypress/runner/cypress_runner.js:146876:72)\n    at <unknown> (https://3076-cypress-alurapic-front.vercel.app/__cypress/runner/cypress_runner.js:147850:16)\n    at tryCatcher (https://3076-cypress-alurapic-front.vercel.app/__cypress/runner/cypress_runner.js:18744:23)\n    at <unknown> (https://3076-cypress-alurapic-front.vercel.app/__cypress/runner/cypress_runner.js:13866:41)\n    at tryCatcher (https://3076-cypress-alurapic-front.vercel.app/__cypress/runner/cypress_runner.js:18744:23)\n    at Promise._settlePromiseFromHandler (https://3076-cypress-alurapic-front.vercel.app/__cypress/runner/cypress_runner.js:16679:31)\n    at Promise._settlePromise (https://3076-cypress-alurapic-front.vercel.app/__cypress/runner/cypress_runner.js:16736:18)\n    at Promise._settlePromise0 (https://3076-cypress-alurapic-front.vercel.app/__cypress/runner/cypress_runner.js:16781:10)\n    at Promise._settlePromises (https://3076-cypress-alurapic-front.vercel.app/__cypress/runner/cypress_runner.js:16857:18)\n    at _drainQueueStep (https://3076-cypress-alurapic-front.vercel.app/__cypress/runner/cypress_runner.js:13451:12)\n    at _drainQueue (https://3076-cypress-alurapic-front.vercel.app/__cypress/runner/cypress_runner.js:13444:9)\n    at ../../node_modules/bluebird/js/release/async.js.Async._drainQueues (https://3076-cypress-alurapic-front.vercel.app/__cypress/runner/cypress_runner.js:13460:5)\n    at Async.drainQueues (https://3076-cypress-alurapic-front.vercel.app/__cypress/runner/cypress_runner.js:13330:14)\nFrom Your Spec Code:\n    at Context.eval (webpack:///./cypress/e2e/login-incorreto.cy.js:3:7)",
                "diff": null
              },
              "uuid": "61052816-06c0-4f9a-be67-c0820b43f8ca",
              "parentUUID": "6f34dc06-a451-4c02-b7b6-5f45468ac5ac",
              "isHook": false,
              "skipped": false
            }
          ],
          "suites": [],
          "passes": [],
          "failures": [
            "61052816-06c0-4f9a-be67-c0820b43f8ca"
          ],
          "pending": [],
          "skipped": [],
          "duration": 60340,
          "root": false,
          "rootEmpty": false,
          "_timeout": 2000
        }
      ],
      "passes": [],
      "failures": [],
      "pending": [],
      "skipped": [],
      "duration": 0,
      "root": true,
      "rootEmpty": true,
      "_timeout": 2000
    }
  ],
  "meta": {
    "mocha": {
      "version": "7.0.1"
    },
    "mochawesome": {
      "options": {
        "quiet": false,
        "reportFilename": "mochawesome",
        "saveHtml": true,
        "saveJson": true,
        "consoleReporter": "spec",
        "useInlineDiffs": false,
        "code": true
      },
      "version": "7.1.3"
    },
    "marge": {
      "options": null,
      "version": "6.2.0"
    }
  }
}